2019.07.19 06:04:46 INFO  es[][o.s.p.ProcessEntryPoint] Starting es
2019.07.19 06:04:46 INFO  es[][o.s.s.EsSettings] Elasticsearch listening on /127.0.0.1:9001
2019.07.19 06:04:47 INFO  es[][o.elasticsearch.node] [sonarqube] version[2.4.4], pid[26], build[fcbb46d/2017-01-03T11:33:16Z]
2019.07.19 06:04:47 INFO  es[][o.elasticsearch.node] [sonarqube] initializing ...
2019.07.19 06:04:47 INFO  es[][o.e.plugins] [sonarqube] modules [], plugins [], sites []
2019.07.19 06:04:47 INFO  es[][o.elasticsearch.env] [sonarqube] using [1] data paths, mounts [[/opt/sonarqube/data (/dev/vda1)]], net usable_space [87.9gb], net total_space [98.3gb], spins? [possibly], types [ext4]
2019.07.19 06:04:47 INFO  es[][o.elasticsearch.env] [sonarqube] heap size [989.8mb], compressed ordinary object pointers [true]
2019.07.19 06:04:49 INFO  es[][o.elasticsearch.node] [sonarqube] initialized
2019.07.19 06:04:49 INFO  es[][o.elasticsearch.node] [sonarqube] starting ...
2019.07.19 06:04:49 INFO  es[][o.e.transport] [sonarqube] publish_address {127.0.0.1:9001}, bound_addresses {127.0.0.1:9001}
2019.07.19 06:04:49 INFO  es[][o.e.discovery] [sonarqube] sonarqube/VnHHFZwWQxWxpeaRE9QBZA
2019.07.19 06:04:52 INFO  es[][o.e.cluster.service] [sonarqube] new_master {sonarqube}{VnHHFZwWQxWxpeaRE9QBZA}{127.0.0.1}{127.0.0.1:9001}{rack_id=sonarqube, master=true}, reason: zen-disco-join(elected_as_master, [0] joins received)
2019.07.19 06:04:52 INFO  es[][o.elasticsearch.node] [sonarqube] started
2019.07.19 06:04:52 INFO  es[][o.e.gateway] [sonarqube] recovered [0] indices into cluster_state
2019.07.19 06:05:00 INFO  es[][o.e.cluster.metadata] [sonarqube] [components] creating index, cause [api], templates [], shards [5]/[0], mappings []
2019.07.19 06:05:00 INFO  es[][o.e.c.r.allocation] [sonarqube] Cluster health status changed from [RED] to [GREEN] (reason: [shards started [[components][0], [components][1], [components][1], [components][0], [components][4]] ...]).
2019.07.19 06:05:01 INFO  es[][o.e.cluster.metadata] [sonarqube] [components] create_mapping [component]
2019.07.19 06:05:01 INFO  es[][o.e.cluster.metadata] [sonarqube] [components] create_mapping [authorization]
2019.07.19 06:05:01 INFO  es[][o.e.cluster.metadata] [sonarqube] [tests] creating index, cause [api], templates [], shards [5]/[0], mappings []
2019.07.19 06:05:01 INFO  es[][o.e.c.r.allocation] [sonarqube] Cluster health status changed from [RED] to [GREEN] (reason: [shards started [[tests][4], [tests][4]] ...]).
2019.07.19 06:05:01 INFO  es[][o.e.cluster.metadata] [sonarqube] [tests] create_mapping [test]
2019.07.19 06:05:01 INFO  es[][o.e.cluster.metadata] [sonarqube] [projectmeasures] creating index, cause [api], templates [], shards [5]/[0], mappings []
2019.07.19 06:05:01 INFO  es[][o.e.c.r.allocation] [sonarqube] Cluster health status changed from [RED] to [GREEN] (reason: [shards started [[projectmeasures][4]] ...]).
2019.07.19 06:05:01 INFO  es[][o.e.cluster.metadata] [sonarqube] [projectmeasures] create_mapping [projectmeasure]
2019.07.19 06:05:01 INFO  es[][o.e.cluster.metadata] [sonarqube] [projectmeasures] create_mapping [authorization]
2019.07.19 06:05:01 INFO  es[][o.e.cluster.metadata] [sonarqube] [rules] creating index, cause [api], templates [], shards [1]/[0], mappings []
2019.07.19 06:05:01 INFO  es[][o.e.c.r.allocation] [sonarqube] Cluster health status changed from [RED] to [GREEN] (reason: [shards started [[rules][0]] ...]).
2019.07.19 06:05:01 INFO  es[][o.e.cluster.metadata] [sonarqube] [rules] create_mapping [activeRule]
2019.07.19 06:05:01 INFO  es[][o.e.cluster.metadata] [sonarqube] [rules] create_mapping [rule]
2019.07.19 06:05:01 INFO  es[][o.e.cluster.metadata] [sonarqube] [issues] creating index, cause [api], templates [], shards [5]/[0], mappings []
2019.07.19 06:05:01 INFO  es[][o.e.c.r.allocation] [sonarqube] Cluster health status changed from [RED] to [GREEN] (reason: [shards started [[issues][0], [issues][4], [issues][0]] ...]).
2019.07.19 06:05:01 INFO  es[][o.e.cluster.metadata] [sonarqube] [issues] create_mapping [issue]
2019.07.19 06:05:01 INFO  es[][o.e.cluster.metadata] [sonarqube] [issues] create_mapping [authorization]
2019.07.19 06:05:01 INFO  es[][o.e.cluster.metadata] [sonarqube] [users] creating index, cause [api], templates [], shards [1]/[0], mappings []
2019.07.19 06:05:02 INFO  es[][o.e.c.r.allocation] [sonarqube] Cluster health status changed from [RED] to [GREEN] (reason: [shards started [[users][0]] ...]).
2019.07.19 06:05:02 INFO  es[][o.e.cluster.metadata] [sonarqube] [users] create_mapping [user]
2019.07.19 06:05:02 INFO  es[][o.e.cluster.metadata] [sonarqube] [views] creating index, cause [api], templates [], shards [5]/[0], mappings []
2019.07.19 06:05:02 INFO  es[][o.e.c.r.allocation] [sonarqube] Cluster health status changed from [RED] to [GREEN] (reason: [shards started [[views][4], [views][4]] ...]).
2019.07.19 06:05:02 INFO  es[][o.e.cluster.metadata] [sonarqube] [views] create_mapping [view]
2019.07.19 06:09:22 INFO  es[][o.s.p.StopWatcher] Stopping process
2019.07.19 06:09:22 INFO  es[][o.elasticsearch.node] [sonarqube] stopping ...
2019.07.19 06:09:22 INFO  es[][o.elasticsearch.node] [sonarqube] stopped
2019.07.19 06:09:22 INFO  es[][o.elasticsearch.node] [sonarqube] closing ...
2019.07.19 06:09:22 INFO  es[][o.elasticsearch.node] [sonarqube] closed
2019.07.19 06:09:36 INFO  es[][o.s.p.ProcessEntryPoint] Starting es
2019.07.19 06:09:36 INFO  es[][o.s.s.EsSettings] Elasticsearch listening on /127.0.0.1:9001
2019.07.19 06:09:36 INFO  es[][o.elasticsearch.node] [sonarqube] version[2.4.4], pid[26], build[fcbb46d/2017-01-03T11:33:16Z]
2019.07.19 06:09:36 INFO  es[][o.elasticsearch.node] [sonarqube] initializing ...
2019.07.19 06:09:36 INFO  es[][o.e.plugins] [sonarqube] modules [], plugins [], sites []
2019.07.19 06:09:36 INFO  es[][o.elasticsearch.env] [sonarqube] using [1] data paths, mounts [[/opt/sonarqube/data (/dev/vda1)]], net usable_space [87.6gb], net total_space [98.3gb], spins? [possibly], types [ext4]
2019.07.19 06:09:36 INFO  es[][o.elasticsearch.env] [sonarqube] heap size [989.8mb], compressed ordinary object pointers [true]
2019.07.19 06:09:39 INFO  es[][o.elasticsearch.node] [sonarqube] initialized
2019.07.19 06:09:39 INFO  es[][o.elasticsearch.node] [sonarqube] starting ...
2019.07.19 06:09:39 INFO  es[][o.e.transport] [sonarqube] publish_address {127.0.0.1:9001}, bound_addresses {127.0.0.1:9001}
2019.07.19 06:09:39 INFO  es[][o.e.discovery] [sonarqube] sonarqube/vxfsQPp-Qci47I1poMJ_qg
2019.07.19 06:09:42 INFO  es[][o.e.cluster.service] [sonarqube] new_master {sonarqube}{vxfsQPp-Qci47I1poMJ_qg}{127.0.0.1}{127.0.0.1:9001}{rack_id=sonarqube, master=true}, reason: zen-disco-join(elected_as_master, [0] joins received)
2019.07.19 06:09:42 INFO  es[][o.elasticsearch.node] [sonarqube] started
2019.07.19 06:09:42 INFO  es[][o.e.gateway] [sonarqube] recovered [7] indices into cluster_state
2019.07.19 06:09:44 INFO  es[][o.e.c.r.allocation] [sonarqube] Cluster health status changed from [RED] to [GREEN] (reason: [shards started [[components][4], [components][2], [components][1], [components][0]] ...]).
2019.07.19 07:22:26 INFO  es[][o.s.p.StopWatcher] Stopping process
2019.07.19 07:22:26 INFO  es[][o.elasticsearch.node] [sonarqube] stopping ...
2019.07.19 07:22:26 INFO  es[][o.elasticsearch.node] [sonarqube] stopped
2019.07.19 07:22:26 INFO  es[][o.elasticsearch.node] [sonarqube] closing ...
2019.07.19 07:22:26 INFO  es[][o.elasticsearch.node] [sonarqube] closed
2019.07.19 07:41:34 INFO  es[][o.s.p.ProcessEntryPoint] Starting es
2019.07.19 07:41:34 INFO  es[][o.s.s.EsSettings] Elasticsearch listening on /127.0.0.1:9001
2019.07.19 07:41:34 INFO  es[][o.elasticsearch.node] [sonarqube] version[2.4.4], pid[26], build[fcbb46d/2017-01-03T11:33:16Z]
2019.07.19 07:41:34 INFO  es[][o.elasticsearch.node] [sonarqube] initializing ...
2019.07.19 07:41:34 INFO  es[][o.e.plugins] [sonarqube] modules [], plugins [], sites []
2019.07.19 07:41:34 INFO  es[][o.elasticsearch.env] [sonarqube] using [1] data paths, mounts [[/opt/sonarqube/data (/dev/vda1)]], net usable_space [85.5gb], net total_space [98.3gb], spins? [possibly], types [ext4]
2019.07.19 07:41:34 INFO  es[][o.elasticsearch.env] [sonarqube] heap size [989.8mb], compressed ordinary object pointers [true]
2019.07.19 07:41:37 INFO  es[][o.elasticsearch.node] [sonarqube] initialized
2019.07.19 07:41:37 INFO  es[][o.elasticsearch.node] [sonarqube] starting ...
2019.07.19 07:41:38 INFO  es[][o.e.transport] [sonarqube] publish_address {127.0.0.1:9001}, bound_addresses {127.0.0.1:9001}
2019.07.19 07:41:38 INFO  es[][o.e.discovery] [sonarqube] sonarqube/tqp4LKXpQT6hZ7wLbg8-gA
2019.07.19 07:41:41 INFO  es[][o.e.cluster.service] [sonarqube] new_master {sonarqube}{tqp4LKXpQT6hZ7wLbg8-gA}{127.0.0.1}{127.0.0.1:9001}{rack_id=sonarqube, master=true}, reason: zen-disco-join(elected_as_master, [0] joins received)
2019.07.19 07:41:41 INFO  es[][o.elasticsearch.node] [sonarqube] started
2019.07.19 07:41:41 INFO  es[][o.e.gateway] [sonarqube] recovered [7] indices into cluster_state
2019.07.19 07:41:42 INFO  es[][o.e.c.r.allocation] [sonarqube] Cluster health status changed from [RED] to [GREEN] (reason: [shards started [[tests][0], [components][2], [components][4], [components][3], [tests][0]] ...]).
