2019.07.19 06:04:45 INFO  app[][o.s.a.AppFileSystem] Cleaning or creating temp directory /opt/sonarqube/temp
2019.07.19 06:04:45 INFO  app[][o.s.p.m.JavaProcessLauncher] Launch process[es]: /usr/lib/jvm/java-8-openjdk-amd64/jre/bin/java -Djava.awt.headless=true -Xmx1G -Xms256m -Xss256k -Djna.nosys=true -XX:+UseParNewGC -XX:+UseConcMarkSweepGC -XX:CMSInitiatingOccupancyFraction=75 -XX:+UseCMSInitiatingOccupancyOnly -XX:+HeapDumpOnOutOfMemoryError -Djava.io.tmpdir=/opt/sonarqube/temp -javaagent:/usr/lib/jvm/java-8-openjdk-amd64/jre/lib/management-agent.jar -cp ./lib/common/*:./lib/search/* org.sonar.search.SearchServer /opt/sonarqube/temp/sq-process1231782598379892976properties
2019.07.19 06:04:53 INFO  app[][o.s.p.m.Monitor] Process[es] is up
2019.07.19 06:04:53 INFO  app[][o.s.p.m.JavaProcessLauncher] Launch process[web]: /usr/lib/jvm/java-8-openjdk-amd64/jre/bin/java -Djava.awt.headless=true -Dfile.encoding=UTF-8 -Xmx512m -Xms128m -XX:+HeapDumpOnOutOfMemoryError -Djava.security.egd=file:/dev/./urandom -Djava.io.tmpdir=/opt/sonarqube/temp -javaagent:/usr/lib/jvm/java-8-openjdk-amd64/jre/lib/management-agent.jar -cp ./lib/common/*:./lib/server/*:/opt/sonarqube/lib/jdbc/h2/h2-1.3.176.jar org.sonar.server.app.WebServer /opt/sonarqube/temp/sq-process1879157015457265513properties
2019.07.19 06:05:14 INFO  app[][o.s.p.m.Monitor] Process[web] is up
2019.07.19 06:05:14 INFO  app[][o.s.p.m.JavaProcessLauncher] Launch process[ce]: /usr/lib/jvm/java-8-openjdk-amd64/jre/bin/java -Djava.awt.headless=true -Dfile.encoding=UTF-8 -Xmx512m -Xms128m -XX:+HeapDumpOnOutOfMemoryError -Djava.io.tmpdir=/opt/sonarqube/temp -javaagent:/usr/lib/jvm/java-8-openjdk-amd64/jre/lib/management-agent.jar -cp ./lib/common/*:./lib/server/*:./lib/ce/*:/opt/sonarqube/lib/jdbc/h2/h2-1.3.176.jar org.sonar.ce.app.CeServer /opt/sonarqube/temp/sq-process2897627917569010311properties
2019.07.19 06:05:19 INFO  app[][o.s.p.m.Monitor] Process[ce] is up
2019.07.19 06:05:19 INFO  app[][o.s.application.App] SonarQube is up
2019.07.19 06:09:17 INFO  app[][o.s.p.m.Monitor] Process[ce] is stopping
2019.07.19 06:09:18 INFO  app[][o.s.p.m.Monitor] Process[ce] is stopped
2019.07.19 06:09:18 INFO  app[][o.s.p.m.Monitor] Process[web] is stopping
2019.07.19 06:09:22 INFO  app[][o.s.p.m.Monitor] Process[web] is stopped
2019.07.19 06:09:22 INFO  app[][o.s.p.m.Monitor] Process[es] is stopping
2019.07.19 06:09:22 INFO  app[][o.s.p.m.Monitor] Process[es] is stopped
2019.07.19 06:09:35 INFO  app[][o.s.a.AppFileSystem] Cleaning or creating temp directory /opt/sonarqube/temp
2019.07.19 06:09:35 INFO  app[][o.s.p.m.JavaProcessLauncher] Launch process[es]: /usr/lib/jvm/java-8-openjdk-amd64/jre/bin/java -Djava.awt.headless=true -Xmx1G -Xms256m -Xss256k -Djna.nosys=true -XX:+UseParNewGC -XX:+UseConcMarkSweepGC -XX:CMSInitiatingOccupancyFraction=75 -XX:+UseCMSInitiatingOccupancyOnly -XX:+HeapDumpOnOutOfMemoryError -Djava.io.tmpdir=/opt/sonarqube/temp -javaagent:/usr/lib/jvm/java-8-openjdk-amd64/jre/lib/management-agent.jar -cp ./lib/common/*:./lib/search/* org.sonar.search.SearchServer /opt/sonarqube/temp/sq-process2083057765014702843properties
2019.07.19 06:09:44 INFO  app[][o.s.p.m.Monitor] Process[es] is up
2019.07.19 06:09:44 INFO  app[][o.s.p.m.JavaProcessLauncher] Launch process[web]: /usr/lib/jvm/java-8-openjdk-amd64/jre/bin/java -Djava.awt.headless=true -Dfile.encoding=UTF-8 -Xmx512m -Xms128m -XX:+HeapDumpOnOutOfMemoryError -Djava.security.egd=file:/dev/./urandom -Djava.io.tmpdir=/opt/sonarqube/temp -javaagent:/usr/lib/jvm/java-8-openjdk-amd64/jre/lib/management-agent.jar -cp ./lib/common/*:./lib/server/*:/opt/sonarqube/lib/jdbc/h2/h2-1.3.176.jar org.sonar.server.app.WebServer /opt/sonarqube/temp/sq-process2596398455514578115properties
2019.07.19 06:09:58 INFO  app[][o.s.p.m.Monitor] Process[web] is up
2019.07.19 06:09:58 INFO  app[][o.s.p.m.JavaProcessLauncher] Launch process[ce]: /usr/lib/jvm/java-8-openjdk-amd64/jre/bin/java -Djava.awt.headless=true -Dfile.encoding=UTF-8 -Xmx512m -Xms128m -XX:+HeapDumpOnOutOfMemoryError -Djava.io.tmpdir=/opt/sonarqube/temp -javaagent:/usr/lib/jvm/java-8-openjdk-amd64/jre/lib/management-agent.jar -cp ./lib/common/*:./lib/server/*:./lib/ce/*:/opt/sonarqube/lib/jdbc/h2/h2-1.3.176.jar org.sonar.ce.app.CeServer /opt/sonarqube/temp/sq-process2920185087482634941properties
2019.07.19 06:10:03 INFO  app[][o.s.p.m.Monitor] Process[ce] is up
2019.07.19 06:10:03 INFO  app[][o.s.application.App] SonarQube is up
2019.07.19 07:22:21 INFO  app[][o.s.p.m.Monitor] Process[ce] is stopping
2019.07.19 07:22:23 INFO  app[][o.s.p.m.Monitor] Process[ce] is stopped
2019.07.19 07:22:23 INFO  app[][o.s.p.m.Monitor] Process[web] is stopping
2019.07.19 07:22:26 INFO  app[][o.s.p.m.Monitor] Process[web] is stopped
2019.07.19 07:22:26 INFO  app[][o.s.p.m.Monitor] Process[es] is stopping
2019.07.19 07:22:27 INFO  app[][o.s.p.m.Monitor] Process[es] is stopped
2019.07.19 07:41:33 INFO  app[][o.s.a.AppFileSystem] Cleaning or creating temp directory /opt/sonarqube/temp
2019.07.19 07:41:33 INFO  app[][o.s.p.m.JavaProcessLauncher] Launch process[es]: /usr/lib/jvm/java-8-openjdk-amd64/jre/bin/java -Djava.awt.headless=true -Xmx1G -Xms256m -Xss256k -Djna.nosys=true -XX:+UseParNewGC -XX:+UseConcMarkSweepGC -XX:CMSInitiatingOccupancyFraction=75 -XX:+UseCMSInitiatingOccupancyOnly -XX:+HeapDumpOnOutOfMemoryError -Djava.io.tmpdir=/opt/sonarqube/temp -javaagent:/usr/lib/jvm/java-8-openjdk-amd64/jre/lib/management-agent.jar -cp ./lib/common/*:./lib/search/* org.sonar.search.SearchServer /opt/sonarqube/temp/sq-process6682967041940276196properties
2019.07.19 07:41:43 INFO  app[][o.s.p.m.Monitor] Process[es] is up
2019.07.19 07:41:43 INFO  app[][o.s.p.m.JavaProcessLauncher] Launch process[web]: /usr/lib/jvm/java-8-openjdk-amd64/jre/bin/java -Djava.awt.headless=true -Dfile.encoding=UTF-8 -Xmx512m -Xms128m -XX:+HeapDumpOnOutOfMemoryError -Djava.security.egd=file:/dev/./urandom -Djava.io.tmpdir=/opt/sonarqube/temp -javaagent:/usr/lib/jvm/java-8-openjdk-amd64/jre/lib/management-agent.jar -cp ./lib/common/*:./lib/server/*:/opt/sonarqube/lib/jdbc/h2/h2-1.3.176.jar org.sonar.server.app.WebServer /opt/sonarqube/temp/sq-process5509388031186434547properties
2019.07.19 07:41:54 INFO  app[][o.s.p.m.Monitor] Process[web] is up
2019.07.19 07:41:54 INFO  app[][o.s.p.m.JavaProcessLauncher] Launch process[ce]: /usr/lib/jvm/java-8-openjdk-amd64/jre/bin/java -Djava.awt.headless=true -Dfile.encoding=UTF-8 -Xmx512m -Xms128m -XX:+HeapDumpOnOutOfMemoryError -Djava.io.tmpdir=/opt/sonarqube/temp -javaagent:/usr/lib/jvm/java-8-openjdk-amd64/jre/lib/management-agent.jar -cp ./lib/common/*:./lib/server/*:./lib/ce/*:/opt/sonarqube/lib/jdbc/h2/h2-1.3.176.jar org.sonar.ce.app.CeServer /opt/sonarqube/temp/sq-process7631275615212062898properties
2019.07.19 07:41:58 INFO  app[][o.s.p.m.Monitor] Process[ce] is up
2019.07.19 07:41:58 INFO  app[][o.s.application.App] SonarQube is up
